Using pre-set license
Built from '2020.3/staging' branch; Version is '2020.3.28f1 (f5400f52e03f) revision 16072719'; Using compiler version '192528614'; Build Type 'Release'
OS: 'Windows 7  (6.1.0) 64bit HomePremium' Language: 'pt' Physical Memory: 16320 MB
BatchMode: 1, IsHumanControllingUs: 0, StartBugReporterOnCrash: 0, Is64bit: 1, IsPro: 0

COMMAND LINE ARGUMENTS:
D:\Unity\2020.3.28f1\Editor\Unity.exe
-adb2
-batchMode
-noUpm
-name
AssetImportWorker0
-projectPath
D:/Github/Unity-Projects/Arkanoid
-logFile
Logs/AssetImportWorker0.log
-srvPort
27033
Successfully changed project path to: D:/Github/Unity-Projects/Arkanoid
D:/Github/Unity-Projects/Arkanoid
Using Asset Import Pipeline V2.
Refreshing native plugins compatible for Editor in 46.92 ms, found 3 plugins.
Preloading 0 native plugins for Editor in 0.00 ms.
Initialize engine version: 2020.3.28f1 (f5400f52e03f)
[Subsystems] Discovering subsystems at path D:/Unity/2020.3.28f1/Editor/Data/Resources/UnitySubsystems
[Subsystems] Discovering subsystems at path D:/Github/Unity-Projects/Arkanoid/Assets
GfxDevice: creating device client; threaded=0
d3d11: CreateDXGIFactory2(...) not found, fallbacking to CreateDXGIFactory1(...).
d3d11: QueryInterface(IDXGIFactory5) failed (80004002).
Direct3D:
    Version:  Direct3D 11.0 [level 11.0]
    Renderer: Radeon RX 580 Series (ID=0x67df)
    Vendor:   
    VRAM:     8134 MB
    Driver:   27.20.14540.3
Initialize mono
Mono path[0] = 'D:/Unity/2020.3.28f1/Editor/Data/Managed'
Mono path[1] = 'D:/Unity/2020.3.28f1/Editor/Data/MonoBleedingEdge/lib/mono/unityjit'
Mono config path = 'D:/Unity/2020.3.28f1/Editor/Data/MonoBleedingEdge/etc'
Using monoOptions --debugger-agent=transport=dt_socket,embedding=1,server=y,suspend=n,address=127.0.0.1:56704
Begin MonoManager ReloadAssembly
Registering precompiled unity dll's ...
Register platform support module: D:/Unity/2020.3.28f1/Editor/Data/PlaybackEngines/WebGLSupport/UnityEditor.WebGL.Extensions.dll
Register platform support module: D:/Unity/2020.3.28f1/Editor/Data/PlaybackEngines/WindowsStandaloneSupport/UnityEditor.WindowsStandalone.Extensions.dll
Registered in 0.000889 seconds.
Native extension for WindowsStandalone target not found
Native extension for WebGL target not found
Refreshing native plugins compatible for Editor in 50.36 ms, found 3 plugins.
Preloading 0 native plugins for Editor in 0.00 ms.
Mono: successfully reloaded assembly
- Completed reload, in  0.599 seconds
Domain Reload Profiling:
	ReloadAssembly (599ms)
		BeginReloadAssembly (58ms)
			ExecutionOrderSort (0ms)
			DisableScriptedObjects (0ms)
			BackupInstance (0ms)
			ReleaseScriptingObjects (0ms)
			CreateAndSetChildDomain (1ms)
		EndReloadAssembly (476ms)
			LoadAssemblies (57ms)
			RebuildTransferFunctionScriptingTraits (0ms)
			SetupTypeCache (158ms)
			ReleaseScriptCaches (0ms)
			RebuildScriptCaches (31ms)
			SetupLoadedEditorAssemblies (184ms)
				LogAssemblyErrors (0ms)
				InitializePlatformSupportModulesInManaged (5ms)
				SetLoadedEditorAssemblies (0ms)
				RefreshPlugins (50ms)
				BeforeProcessingInitializeOnLoad (14ms)
				ProcessInitializeOnLoadAttributes (87ms)
				ProcessInitializeOnLoadMethodAttributes (28ms)
				AfterProcessingInitializeOnLoad (0ms)
				EditorAssembliesLoaded (0ms)
			ExecutionOrderSort2 (0ms)
			AwakeInstancesAfterBackupRestoration (0ms)
Platform modules already initialized, skipping
Registering precompiled user dll's ...
Registered in 0.002557 seconds.
Begin MonoManager ReloadAssembly
Native extension for WindowsStandalone target not found
Native extension for WebGL target not found
Refreshing native plugins compatible for Editor in 47.70 ms, found 3 plugins.
Preloading 0 native plugins for Editor in 0.00 ms.
Mono: successfully reloaded assembly
- Completed reload, in  1.100 seconds
Domain Reload Profiling:
	ReloadAssembly (1100ms)
		BeginReloadAssembly (140ms)
			ExecutionOrderSort (0ms)
			DisableScriptedObjects (4ms)
			BackupInstance (0ms)
			ReleaseScriptingObjects (0ms)
			CreateAndSetChildDomain (17ms)
		EndReloadAssembly (904ms)
			LoadAssemblies (86ms)
			RebuildTransferFunctionScriptingTraits (0ms)
			SetupTypeCache (309ms)
			ReleaseScriptCaches (0ms)
			RebuildScriptCaches (48ms)
			SetupLoadedEditorAssemblies (341ms)
				LogAssemblyErrors (0ms)
				InitializePlatformSupportModulesInManaged (4ms)
				SetLoadedEditorAssemblies (0ms)
				RefreshPlugins (48ms)
				BeforeProcessingInitializeOnLoad (72ms)
				ProcessInitializeOnLoadAttributes (197ms)
				ProcessInitializeOnLoadMethodAttributes (18ms)
				AfterProcessingInitializeOnLoad (2ms)
				EditorAssembliesLoaded (0ms)
			ExecutionOrderSort2 (0ms)
			AwakeInstancesAfterBackupRestoration (6ms)
Platform modules already initialized, skipping
========================================================================
Worker process is ready to serve import requests
Launched and connected shader compiler UnityShaderCompiler.exe after 0.02 seconds
Refreshing native plugins compatible for Editor in 0.59 ms, found 3 plugins.
Preloading 0 native plugins for Editor in 0.00 ms.
Unloading 2196 Unused Serialized files (Serialized files now loaded: 0)
System memory in use before: 95.9 MB.
System memory in use after: 95.8 MB.

Unloading 34 unused Assets to reduce memory usage. Loaded Objects now: 2623.
Total: 3.392924 ms (FindLiveObjects: 0.168605 ms CreateObjectMapping: 0.089422 ms MarkObjects: 2.976189 ms  DeleteObjects: 0.157342 ms)

AssetImportParameters requested are different than current active one (requested -> active):
  requireTextureImportCompression: false -> true
  custom:framework-win-MediaFoundation: 216162199b28c13a410421893ffa2e32 -> 
  custom:video-decoder-ogg-theora: a1e56fd34408186e4bbccfd4996cb3dc -> 
  custom:container-muxer-webm: aa71ff27fc2769a1b78a27578f13a17b -> 
  custom:container-demuxer-webm: 4f35f7cbe854078d1ac9338744f61a02 -> 
  custom:container-demuxer-ogg: 62fdf1f143b41e24485cea50d1cbac27 -> 
  custom:video-encoder-webm-vp8: eb34c28f22e8b96e1ab97ce403110664 -> 
  custom:video-decoder-webm-vp8: 9c59270c3fd7afecdb556c50c9e8de78 -> 
  custom:audio-decoder-ogg-vorbis: bf7c407c2cedff20999df2af8eb42d56 -> 
  custom:audio-encoder-webm-vorbis: bf7c407c2cedff20999df2af8eb42d56 -> 
========================================================================
Received Import Request.
  path: Assets/Scenes
  artifactKey: Guid(131a6b21c8605f84396be9f6751fb6e3) Importer(815301076,1909f56bfc062723c751e8b465ee728b)
Start importing Assets/Scenes using Guid(131a6b21c8605f84396be9f6751fb6e3) Importer(815301076,1909f56bfc062723c751e8b465ee728b)  -> (artifact id: 'df75b7d1a31c5b4f73fd45661b403b04') in 0.003663 seconds 
  Import took 0.007640 seconds .

========================================================================
Received Import Request.
  Time since last request: 0.000164 seconds.
  path: Assets/Scenes/SampleScene.unity
  artifactKey: Guid(2cda990e2423bbf4892e6590ba056729) Importer(815301076,1909f56bfc062723c751e8b465ee728b)
Start importing Assets/Scenes/SampleScene.unity using Guid(2cda990e2423bbf4892e6590ba056729) Importer(815301076,1909f56bfc062723c751e8b465ee728b)  -> (artifact id: '1333ee985c8b405feb81c7cbd2e221fc') in 0.015428 seconds 
  Import took 0.018883 seconds .

========================================================================
Received Import Request.
  Time since last request: 10140.457903 seconds.
  path: Assets/Scenes/MainScene.unity
  artifactKey: Guid(2cda990e2423bbf4892e6590ba056729) Importer(815301076,1909f56bfc062723c751e8b465ee728b)
Start importing Assets/Scenes/MainScene.unity using Guid(2cda990e2423bbf4892e6590ba056729) Importer(815301076,1909f56bfc062723c751e8b465ee728b)  -> (artifact id: '357fc390c66f1e113f5942d5fa472f9c') in 0.002089 seconds 
  Import took 0.007393 seconds .

========================================================================
Received Import Request.
  Time since last request: 116.644680 seconds.
  path: Assets/PNG/ballBlue.png
  artifactKey: Guid(7c1979cb4efaba441b41fa5c817b4afa) Importer(815301076,1909f56bfc062723c751e8b465ee728b)
Start importing Assets/PNG/ballBlue.png using Guid(7c1979cb4efaba441b41fa5c817b4afa) Importer(815301076,1909f56bfc062723c751e8b465ee728b)  -> (artifact id: 'fa2b80efe34babf9ee36db364c6b0f2f') in 0.100989 seconds 
  Import took 0.105091 seconds .

========================================================================
Received Import Request.
  Time since last request: 0.000266 seconds.
  path: Assets/PNG/buttonSelected_bottom.png
  artifactKey: Guid(561c6ba348b16884b8cfddadb304b497) Importer(815301076,1909f56bfc062723c751e8b465ee728b)
Start importing Assets/PNG/buttonSelected_bottom.png using Guid(561c6ba348b16884b8cfddadb304b497) Importer(815301076,1909f56bfc062723c751e8b465ee728b)  -> (artifact id: 'be0b7167db334b61a249f9e2ba17da5f') in 0.010825 seconds 
  Import took 0.015380 seconds .

========================================================================
Received Import Request.
  Time since last request: 0.000257 seconds.
  path: Assets/PNG/element_blue_polygon.png
  artifactKey: Guid(554f6bd3d5c024145adbe143c812211b) Importer(815301076,1909f56bfc062723c751e8b465ee728b)
Start importing Assets/PNG/element_blue_polygon.png using Guid(554f6bd3d5c024145adbe143c812211b) Importer(815301076,1909f56bfc062723c751e8b465ee728b)  -> (artifact id: 'cd4d77b860381bb20296f797c6f3836e') in 0.011246 seconds 
  Import took 0.016501 seconds .

========================================================================
Received Import Request.
  Time since last request: 0.000208 seconds.
  path: Assets/PNG/element_red_polygon.png
  artifactKey: Guid(d3f0be269e7775049a155fb0a83ae09f) Importer(815301076,1909f56bfc062723c751e8b465ee728b)
Start importing Assets/PNG/element_red_polygon.png using Guid(d3f0be269e7775049a155fb0a83ae09f) Importer(815301076,1909f56bfc062723c751e8b465ee728b)  -> (artifact id: 'f5ba7d82ebfdc3d778605b29166ac676') in 0.011689 seconds 
  Import took 0.016437 seconds .

========================================================================
Received Import Request.
  Time since last request: 0.000202 seconds.
  path: Assets/PNG/buttonSelected_topleft.png
  artifactKey: Guid(81cecdb2d6866ce4f82fbe44d2071fe0) Importer(815301076,1909f56bfc062723c751e8b465ee728b)
Start importing Assets/PNG/buttonSelected_topleft.png using Guid(81cecdb2d6866ce4f82fbe44d2071fe0) Importer(815301076,1909f56bfc062723c751e8b465ee728b)  -> (artifact id: '4cc26a9a2051abf823869045b219e2e3') in 0.011117 seconds 
  Import took 0.015897 seconds .

========================================================================
Received Import Request.
  Time since last request: 0.000233 seconds.
  path: Assets/PNG/element_blue_diamond.png
  artifactKey: Guid(81aa4b5bf06fad44c9a3afccdb17d0ec) Importer(815301076,1909f56bfc062723c751e8b465ee728b)
Start importing Assets/PNG/element_blue_diamond.png using Guid(81aa4b5bf06fad44c9a3afccdb17d0ec) Importer(815301076,1909f56bfc062723c751e8b465ee728b)  -> (artifact id: 'dd12f7e3dc2c21080c9263fb9b6ca8ce') in 0.009440 seconds 
  Import took 0.014295 seconds .

========================================================================
Received Import Request.
  Time since last request: 0.000174 seconds.
  path: Assets/PNG/element_grey_diamond.png
  artifactKey: Guid(43f2a732b6179e2468b29e8a33bbc6d2) Importer(815301076,1909f56bfc062723c751e8b465ee728b)
Start importing Assets/PNG/element_grey_diamond.png using Guid(43f2a732b6179e2468b29e8a33bbc6d2) Importer(815301076,1909f56bfc062723c751e8b465ee728b)  -> (artifact id: '8e215837d52dc828abd7177521a0b7ba') in 0.009980 seconds 
  Import took 0.015291 seconds .

========================================================================
Received Import Request.
  Time since last request: 0.000116 seconds.
  path: Assets/PNG/particleStar.png
  artifactKey: Guid(0ef75f6372b4c7f41ac177d0f663a52d) Importer(815301076,1909f56bfc062723c751e8b465ee728b)
Start importing Assets/PNG/particleStar.png using Guid(0ef75f6372b4c7f41ac177d0f663a52d) Importer(815301076,1909f56bfc062723c751e8b465ee728b)  -> (artifact id: '03ffeb39c1309d407e839102ba75b4a0') in 0.012373 seconds 
  Import took 0.016690 seconds .

========================================================================
Received Import Request.
  Time since last request: 0.000175 seconds.
  path: Assets/PNG/element_red_square.png
  artifactKey: Guid(8cbbccefcd2a8e345a4e477e7b16cac6) Importer(815301076,1909f56bfc062723c751e8b465ee728b)
Start importing Assets/PNG/element_red_square.png using Guid(8cbbccefcd2a8e345a4e477e7b16cac6) Importer(815301076,1909f56bfc062723c751e8b465ee728b)  -> (artifact id: '1f64dee7dd5af8556d219391902623ca') in 0.010722 seconds 
  Import took 0.015240 seconds .

========================================================================
Received Import Request.
  Time since last request: 0.000158 seconds.
  path: Assets/PNG/element_yellow_rectangle_glossy.png
  artifactKey: Guid(dab5238c6e0d3f44dbf7261282df50b2) Importer(815301076,1909f56bfc062723c751e8b465ee728b)
Start importing Assets/PNG/element_yellow_rectangle_glossy.png using Guid(dab5238c6e0d3f44dbf7261282df50b2) Importer(815301076,1909f56bfc062723c751e8b465ee728b)  -> (artifact id: '1366da71ae8f1958aaa64eb86f5c64b0') in 0.012881 seconds 
  Import took 0.018622 seconds .

========================================================================
Received Import Request.
  Time since last request: 0.000154 seconds.
  path: Assets/PNG/element_red_rectangle.png
  artifactKey: Guid(539480fd864167e44b79bae6dacfc646) Importer(815301076,1909f56bfc062723c751e8b465ee728b)
Start importing Assets/PNG/element_red_rectangle.png using Guid(539480fd864167e44b79bae6dacfc646) Importer(815301076,1909f56bfc062723c751e8b465ee728b)  -> (artifact id: 'bf84aabec6381c28851390a9229c9c64') in 0.010489 seconds 
  Import took 0.014892 seconds .

========================================================================
Received Import Request.
  Time since last request: 0.000168 seconds.
  path: Assets/PNG/buttonDefault_topright.png
  artifactKey: Guid(dbf80a31376487d4e977ae6ddd63fc10) Importer(815301076,1909f56bfc062723c751e8b465ee728b)
Start importing Assets/PNG/buttonDefault_topright.png using Guid(dbf80a31376487d4e977ae6ddd63fc10) Importer(815301076,1909f56bfc062723c751e8b465ee728b)  -> (artifact id: 'b18ebb1d1eff9a0de5610af6d1180655') in 0.008558 seconds 
  Import took 0.013525 seconds .

========================================================================
Received Import Request.
  Time since last request: 0.000151 seconds.
  path: Assets/PNG/element_purple_rectangle_glossy.png
  artifactKey: Guid(7514150f21f3de7438795b0f07100578) Importer(815301076,1909f56bfc062723c751e8b465ee728b)
Start importing Assets/PNG/element_purple_rectangle_glossy.png using Guid(7514150f21f3de7438795b0f07100578) Importer(815301076,1909f56bfc062723c751e8b465ee728b)  -> (artifact id: 'ac6b48174afa83cbe003983659015b9f') in 0.009536 seconds 
  Import took 0.013760 seconds .

========================================================================
Received Import Request.
  Time since last request: 0.000154 seconds.
  path: Assets/PNG/element_green_polygon_glossy.png
  artifactKey: Guid(70c472863f5b63d4b9d65751e34d8ff9) Importer(815301076,1909f56bfc062723c751e8b465ee728b)
Start importing Assets/PNG/element_green_polygon_glossy.png using Guid(70c472863f5b63d4b9d65751e34d8ff9) Importer(815301076,1909f56bfc062723c751e8b465ee728b)  -> (artifact id: 'e2ceb4a6a5036784723955b42cfbc162') in 0.008014 seconds 
  Import took 0.012679 seconds .

========================================================================
Received Import Request.
  Time since last request: 0.000180 seconds.
  path: Assets/PNG/buttonDefault_bottomright.png
  artifactKey: Guid(b8a7f0d4c7f108a44b34523cc75b337f) Importer(815301076,1909f56bfc062723c751e8b465ee728b)
Start importing Assets/PNG/buttonDefault_bottomright.png using Guid(b8a7f0d4c7f108a44b34523cc75b337f) Importer(815301076,1909f56bfc062723c751e8b465ee728b)  -> (artifact id: '77bf6ec642fd35c3676a10524762b4c0') in 0.007570 seconds 
  Import took 0.012238 seconds .

========================================================================
Received Import Request.
  Time since last request: 0.000214 seconds.
  path: Assets/PNG/paddleRed.png
  artifactKey: Guid(cb4d8f2c938c1924ba7b7d88e1cf73b8) Importer(815301076,1909f56bfc062723c751e8b465ee728b)
Start importing Assets/PNG/paddleRed.png using Guid(cb4d8f2c938c1924ba7b7d88e1cf73b8) Importer(815301076,1909f56bfc062723c751e8b465ee728b)  -> (artifact id: 'deb9fff67cd97df6a4c36e21f4103bfc') in 0.009752 seconds 
  Import took 0.014427 seconds .

========================================================================
Received Import Request.
  Time since last request: 0.000139 seconds.
  path: Assets/PNG/buttonSelected_top.png
  artifactKey: Guid(b6fef72377bc6a346a26563cfbfbfee9) Importer(815301076,1909f56bfc062723c751e8b465ee728b)
Start importing Assets/PNG/buttonSelected_top.png using Guid(b6fef72377bc6a346a26563cfbfbfee9) Importer(815301076,1909f56bfc062723c751e8b465ee728b)  -> (artifact id: 'aa60049c4ca9c8065087bc8f59bfb477') in 0.008730 seconds 
  Import took 0.013070 seconds .

========================================================================
Received Import Request.
  Time since last request: 0.000167 seconds.
  path: Assets/PNG/element_red_diamond.png
  artifactKey: Guid(1fedee26d9e44934980158786704db47) Importer(815301076,1909f56bfc062723c751e8b465ee728b)
Start importing Assets/PNG/element_red_diamond.png using Guid(1fedee26d9e44934980158786704db47) Importer(815301076,1909f56bfc062723c751e8b465ee728b)  -> (artifact id: 'a7de6772270bf727a282103e313862d7') in 0.008396 seconds 
  Import took 0.013081 seconds .

========================================================================
Received Import Request.
  Time since last request: 0.000141 seconds.
  path: Assets/PNG/buttonSelected_right.png
  artifactKey: Guid(8062133d4a44f004b9b6bb579fbeac2a) Importer(815301076,1909f56bfc062723c751e8b465ee728b)
Start importing Assets/PNG/buttonSelected_right.png using Guid(8062133d4a44f004b9b6bb579fbeac2a) Importer(815301076,1909f56bfc062723c751e8b465ee728b)  -> (artifact id: '43859c1e7bdc6e3a7d5069115e092a5b') in 0.009216 seconds 
  Import took 0.013276 seconds .

========================================================================
Received Import Request.
  Time since last request: 0.000263 seconds.
  path: Assets/PNG/buttonSelected_topright.png
  artifactKey: Guid(15da0467f6f270544b1a23e0604587b0) Importer(815301076,1909f56bfc062723c751e8b465ee728b)
Start importing Assets/PNG/buttonSelected_topright.png using Guid(15da0467f6f270544b1a23e0604587b0) Importer(815301076,1909f56bfc062723c751e8b465ee728b)  -> (artifact id: 'fcdf1e72c34ab1f92b438dd0d906cdbb') in 0.008232 seconds 
  Import took 0.013100 seconds .

========================================================================
Received Import Request.
  Time since last request: 0.000135 seconds.
  path: Assets/PNG/element_grey_rectangle_glossy.png
  artifactKey: Guid(b35b9a18a4af34548b23ac26c2ef769f) Importer(815301076,1909f56bfc062723c751e8b465ee728b)
Start importing Assets/PNG/element_grey_rectangle_glossy.png using Guid(b35b9a18a4af34548b23ac26c2ef769f) Importer(815301076,1909f56bfc062723c751e8b465ee728b)  -> (artifact id: '12aca2e3df591c247bf158647c97b950') in 0.008723 seconds 
  Import took 0.012895 seconds .

========================================================================
Received Import Request.
  Time since last request: 0.000187 seconds.
  path: Assets/PNG/element_blue_polygon_glossy.png
  artifactKey: Guid(2a6e001921aab814bab12b72f3cb2adf) Importer(815301076,1909f56bfc062723c751e8b465ee728b)
Start importing Assets/PNG/element_blue_polygon_glossy.png using Guid(2a6e001921aab814bab12b72f3cb2adf) Importer(815301076,1909f56bfc062723c751e8b465ee728b)  -> (artifact id: '97c46ade82304da5bf077f7f9c7841d8') in 0.009302 seconds 
  Import took 0.014099 seconds .

========================================================================
Received Import Request.
  Time since last request: 0.000142 seconds.
  path: Assets/PNG/buttonSelected_left.png
  artifactKey: Guid(2d3d00699fa36c4488d03bfddedd6a01) Importer(815301076,1909f56bfc062723c751e8b465ee728b)
Start importing Assets/PNG/buttonSelected_left.png using Guid(2d3d00699fa36c4488d03bfddedd6a01) Importer(815301076,1909f56bfc062723c751e8b465ee728b)  -> (artifact id: '97c084340c0119a89ad8ec2527086e51') in 0.011728 seconds 
  Import took 0.015499 seconds .

========================================================================
Received Import Request.
  Time since last request: 0.000175 seconds.
  path: Assets/PNG/element_purple_diamond.png
  artifactKey: Guid(6faa8d034c233544089db95ef5e5b6df) Importer(815301076,1909f56bfc062723c751e8b465ee728b)
Start importing Assets/PNG/element_purple_diamond.png using Guid(6faa8d034c233544089db95ef5e5b6df) Importer(815301076,1909f56bfc062723c751e8b465ee728b)  -> (artifact id: 'afde69295ac5047dee51d31e1bab4ca5') in 0.008591 seconds 
  Import took 0.012501 seconds .

========================================================================
Received Import Request.
  Time since last request: 0.000308 seconds.
  path: Assets/PNG/element_yellow_diamond_glossy.png
  artifactKey: Guid(bb0aa15453d0f1b4fbb5d10ba0130abd) Importer(815301076,1909f56bfc062723c751e8b465ee728b)
Start importing Assets/PNG/element_yellow_diamond_glossy.png using Guid(bb0aa15453d0f1b4fbb5d10ba0130abd) Importer(815301076,1909f56bfc062723c751e8b465ee728b)  -> (artifact id: '4d91080f6aa34cd81785c0e46b3a99ae') in 0.006945 seconds 
  Import took 0.011015 seconds .

========================================================================
Received Import Request.
  Time since last request: 0.000228 seconds.
  path: Assets/PNG/buttonDefault.png
  artifactKey: Guid(b66a5ffadbafdef4d8721628346e4b72) Importer(815301076,1909f56bfc062723c751e8b465ee728b)
Start importing Assets/PNG/buttonDefault.png using Guid(b66a5ffadbafdef4d8721628346e4b72) Importer(815301076,1909f56bfc062723c751e8b465ee728b)  -> (artifact id: '168aa4eebbea1503cff25756795095b1') in 0.008994 seconds 
  Import took 0.012837 seconds .

========================================================================
Received Import Request.
  Time since last request: 0.000129 seconds.
  path: Assets/PNG/element_red_square_glossy.png
  artifactKey: Guid(74f39e0270fd76748aa7f1107009381f) Importer(815301076,1909f56bfc062723c751e8b465ee728b)
Start importing Assets/PNG/element_red_square_glossy.png using Guid(74f39e0270fd76748aa7f1107009381f) Importer(815301076,1909f56bfc062723c751e8b465ee728b)  -> (artifact id: '9fd19961a3a5f6dd994dfd4b07002867') in 0.007411 seconds 
  Import took 0.010999 seconds .

========================================================================
Received Import Request.
  Time since last request: 0.000155 seconds.
  path: Assets/PNG/element_red_polygon_glossy.png
  artifactKey: Guid(5541580280fd6894c89750c0686a9c49) Importer(815301076,1909f56bfc062723c751e8b465ee728b)
Start importing Assets/PNG/element_red_polygon_glossy.png using Guid(5541580280fd6894c89750c0686a9c49) Importer(815301076,1909f56bfc062723c751e8b465ee728b)  -> (artifact id: '71b4b0f309c6854a6ba8152fe7b6a5b1') in 0.010815 seconds 
  Import took 0.015319 seconds .

========================================================================
Received Import Request.
  Time since last request: 0.000143 seconds.
  path: Assets/PNG/element_yellow_polygon_glossy.png
  artifactKey: Guid(43345503bf6bb7d4c8a30807c1a398d8) Importer(815301076,1909f56bfc062723c751e8b465ee728b)
Start importing Assets/PNG/element_yellow_polygon_glossy.png using Guid(43345503bf6bb7d4c8a30807c1a398d8) Importer(815301076,1909f56bfc062723c751e8b465ee728b)  -> (artifact id: '505a940a8fe77ee40b7c46055c916533') in 0.008178 seconds 
  Import took 0.012289 seconds .

========================================================================
Received Import Request.
  Time since last request: 0.000156 seconds.
  path: Assets/PNG/buttonDefault_mid.png
  artifactKey: Guid(56bf40f225d7a1d439287b185752d134) Importer(815301076,1909f56bfc062723c751e8b465ee728b)
Start importing Assets/PNG/buttonDefault_mid.png using Guid(56bf40f225d7a1d439287b185752d134) Importer(815301076,1909f56bfc062723c751e8b465ee728b)  -> (artifact id: 'e35352e1566e86732faa4b2dad6eb416') in 0.007288 seconds 
  Import took 0.011195 seconds .

========================================================================
Received Import Request.
  Time since last request: 0.000146 seconds.
  path: Assets/PNG/element_yellow_polygon.png
  artifactKey: Guid(ae313491b025ff04fbb02c6ae22b6bc3) Importer(815301076,1909f56bfc062723c751e8b465ee728b)
Start importing Assets/PNG/element_yellow_polygon.png using Guid(ae313491b025ff04fbb02c6ae22b6bc3) Importer(815301076,1909f56bfc062723c751e8b465ee728b)  -> (artifact id: '9795ef2ac2c3e31ad630af5a52d25065') in 0.009390 seconds 
  Import took 0.013527 seconds .

========================================================================
Received Import Request.
  Time since last request: 0.000137 seconds.
  path: Assets/PNG/element_red_diamond_glossy.png
  artifactKey: Guid(6060af54fe25b2f4b8ca3ceeaba00d28) Importer(815301076,1909f56bfc062723c751e8b465ee728b)
Start importing Assets/PNG/element_red_diamond_glossy.png using Guid(6060af54fe25b2f4b8ca3ceeaba00d28) Importer(815301076,1909f56bfc062723c751e8b465ee728b)  -> (artifact id: '37900713ca6cd8d9ec178108cf931eb2') in 0.009299 seconds 
  Import took 0.012934 seconds .

========================================================================
Received Import Request.
  Time since last request: 0.000146 seconds.
  path: Assets/PNG/selectorA.png
  artifactKey: Guid(5b644b30d9e519140844a12f9a976ca2) Importer(815301076,1909f56bfc062723c751e8b465ee728b)
Start importing Assets/PNG/selectorA.png using Guid(5b644b30d9e519140844a12f9a976ca2) Importer(815301076,1909f56bfc062723c751e8b465ee728b)  -> (artifact id: 'f92771defb23f6d82470e4a264dd0392') in 0.011104 seconds 
  Import took 0.014889 seconds .

========================================================================
Received Import Request.
  Time since last request: 0.000130 seconds.
  path: Assets/PNG/element_grey_polygon_glossy.png
  artifactKey: Guid(869c280d6ec8fd84dacf18a71952be76) Importer(815301076,1909f56bfc062723c751e8b465ee728b)
Start importing Assets/PNG/element_grey_polygon_glossy.png using Guid(869c280d6ec8fd84dacf18a71952be76) Importer(815301076,1909f56bfc062723c751e8b465ee728b)  -> (artifact id: 'd6dab04e59846b72c89217315b8cdfc7') in 0.007128 seconds 
  Import took 0.010863 seconds .

========================================================================
Received Import Request.
  Time since last request: 0.000139 seconds.
  path: Assets/PNG/element_purple_polygon.png
  artifactKey: Guid(536b7ba4b47b88c459266003045901ef) Importer(815301076,1909f56bfc062723c751e8b465ee728b)
Start importing Assets/PNG/element_purple_polygon.png using Guid(536b7ba4b47b88c459266003045901ef) Importer(815301076,1909f56bfc062723c751e8b465ee728b)  -> (artifact id: 'f9dffc98fa97620026840c5446726ad6') in 0.007221 seconds 
  Import took 0.011002 seconds .

========================================================================
Received Import Request.
  Time since last request: 0.000126 seconds.
  path: Assets/PNG/element_grey_square_glossy.png
  artifactKey: Guid(6f592167cf4d9b5419f3fbaec30c4c94) Importer(815301076,1909f56bfc062723c751e8b465ee728b)
Start importing Assets/PNG/element_grey_square_glossy.png using Guid(6f592167cf4d9b5419f3fbaec30c4c94) Importer(815301076,1909f56bfc062723c751e8b465ee728b)  -> (artifact id: '686fca156c8ad6cf0a7c05f5a2dc7ee8') in 0.007103 seconds 
  Import took 0.010876 seconds .

========================================================================
Received Import Request.
  Time since last request: 0.000149 seconds.
  path: Assets/PNG/element_purple_polygon_glossy.png
  artifactKey: Guid(1c7541a56080d58459f46cb1475b6122) Importer(815301076,1909f56bfc062723c751e8b465ee728b)
Start importing Assets/PNG/element_purple_polygon_glossy.png using Guid(1c7541a56080d58459f46cb1475b6122) Importer(815301076,1909f56bfc062723c751e8b465ee728b)  -> (artifact id: '0543213a5c6a97683414eb4872a1840c') in 0.007517 seconds 
  Import took 0.011344 seconds .

========================================================================
Received Import Request.
  Time since last request: 0.000121 seconds.
  path: Assets/PNG/particleCartoonStar.png
  artifactKey: Guid(ec5fd26179161684cb0cf9bc389c30f9) Importer(815301076,1909f56bfc062723c751e8b465ee728b)
Start importing Assets/PNG/particleCartoonStar.png using Guid(ec5fd26179161684cb0cf9bc389c30f9) Importer(815301076,1909f56bfc062723c751e8b465ee728b)  -> (artifact id: '558fc84efbac242eaea7057d447c0fa4') in 0.007561 seconds 
  Import took 0.011234 seconds .

========================================================================
Received Import Request.
  Time since last request: 0.000138 seconds.
  path: Assets/PNG/buttonDefault_bottom.png
  artifactKey: Guid(f7940965929157d4492111ed1e68a878) Importer(815301076,1909f56bfc062723c751e8b465ee728b)
Start importing Assets/PNG/buttonDefault_bottom.png using Guid(f7940965929157d4492111ed1e68a878) Importer(815301076,1909f56bfc062723c751e8b465ee728b)  -> (artifact id: '6d22dba91128b1adad13e68090a98dc3') in 0.007839 seconds 
  Import took 0.011673 seconds .

========================================================================
Received Import Request.
  Time since last request: 0.000144 seconds.
  path: Assets/PNG/buttonSelected.png
  artifactKey: Guid(27677f54b0c74064f93f21eb0dbf89a1) Importer(815301076,1909f56bfc062723c751e8b465ee728b)
Start importing Assets/PNG/buttonSelected.png using Guid(27677f54b0c74064f93f21eb0dbf89a1) Importer(815301076,1909f56bfc062723c751e8b465ee728b)  -> (artifact id: 'd2b687d2382c13bb71fddead924292bb') in 0.009730 seconds 
  Import took 0.013843 seconds .

========================================================================
Received Import Request.
  Time since last request: 0.000133 seconds.
  path: Assets/PNG/element_purple_diamond_glossy.png
  artifactKey: Guid(88dce9e3ae242d74797e8b53d5d35ff5) Importer(815301076,1909f56bfc062723c751e8b465ee728b)
Start importing Assets/PNG/element_purple_diamond_glossy.png using Guid(88dce9e3ae242d74797e8b53d5d35ff5) Importer(815301076,1909f56bfc062723c751e8b465ee728b)  -> (artifact id: 'fe63ec5a5a5d2a7a5ead89fff9db7225') in 0.009471 seconds 
  Import took 0.013075 seconds .

========================================================================
Received Import Request.
  Time since last request: 0.000166 seconds.
  path: Assets/PNG/element_green_polygon.png
  artifactKey: Guid(b3c4874fe65fbb349a8dd12558e39b81) Importer(815301076,1909f56bfc062723c751e8b465ee728b)
Start importing Assets/PNG/element_green_polygon.png using Guid(b3c4874fe65fbb349a8dd12558e39b81) Importer(815301076,1909f56bfc062723c751e8b465ee728b)  -> (artifact id: '72040e9f438fb1c3be30d33d16f8c928') in 0.007546 seconds 
  Import took 0.011027 seconds .

========================================================================
Received Import Request.
  Time since last request: 0.000132 seconds.
  path: Assets/PNG/element_blue_square_glossy.png
  artifactKey: Guid(608e4bd123884b348921f98ea527be7c) Importer(815301076,1909f56bfc062723c751e8b465ee728b)
Start importing Assets/PNG/element_blue_square_glossy.png using Guid(608e4bd123884b348921f98ea527be7c) Importer(815301076,1909f56bfc062723c751e8b465ee728b)  -> (artifact id: 'ee7da209a23fbad35fac751b590df95c') in 0.008043 seconds 
  Import took 0.011814 seconds .

========================================================================
Received Import Request.
  Time since last request: 0.000152 seconds.
  path: Assets/PNG/buttonDefault_bottomleft.png
  artifactKey: Guid(064cb65a44a1d8d4db64e07f1cbe607c) Importer(815301076,1909f56bfc062723c751e8b465ee728b)
Start importing Assets/PNG/buttonDefault_bottomleft.png using Guid(064cb65a44a1d8d4db64e07f1cbe607c) Importer(815301076,1909f56bfc062723c751e8b465ee728b)  -> (artifact id: 'b07d66bc660e3140a49b8ab2dad775cf') in 0.007198 seconds 
  Import took 0.011010 seconds .

========================================================================
Received Import Request.
  Time since last request: 0.000192 seconds.
  path: Assets/PNG/element_green_rectangle_glossy.png
  artifactKey: Guid(71816c8f354f9de42b23fceb82514356) Importer(815301076,1909f56bfc062723c751e8b465ee728b)
Start importing Assets/PNG/element_green_rectangle_glossy.png using Guid(71816c8f354f9de42b23fceb82514356) Importer(815301076,1909f56bfc062723c751e8b465ee728b)  -> (artifact id: '1b1c996f2dee4f9f21f9c13e10867c85') in 0.007142 seconds 
  Import took 0.011025 seconds .

========================================================================
Received Import Request.
  Time since last request: 0.000147 seconds.
  path: Assets/PNG/paddleBlu.png
  artifactKey: Guid(e87fd57a028078f4580a58026260a858) Importer(815301076,1909f56bfc062723c751e8b465ee728b)
Start importing Assets/PNG/paddleBlu.png using Guid(e87fd57a028078f4580a58026260a858) Importer(815301076,1909f56bfc062723c751e8b465ee728b)  -> (artifact id: '33aedecbc6c2bd439d1f373382a0ad81') in 0.009923 seconds 
  Import took 0.013769 seconds .

========================================================================
Received Import Request.
  Time since last request: 0.000128 seconds.
  path: Assets/PNG/particleSmallStar.png
  artifactKey: Guid(ca8ce444b968ba3419de6e9fb25dca96) Importer(815301076,1909f56bfc062723c751e8b465ee728b)
Start importing Assets/PNG/particleSmallStar.png using Guid(ca8ce444b968ba3419de6e9fb25dca96) Importer(815301076,1909f56bfc062723c751e8b465ee728b)  -> (artifact id: '2f5fc8f6aaf12f2a21ed885669878770') in 0.006856 seconds 
  Import took 0.010322 seconds .

========================================================================
Received Import Request.
  Time since last request: 0.000137 seconds.
  path: Assets/PNG/element_blue_square.png
  artifactKey: Guid(8b283af56154fd6419b30a3e67ec3b5d) Importer(815301076,1909f56bfc062723c751e8b465ee728b)
Start importing Assets/PNG/element_blue_square.png using Guid(8b283af56154fd6419b30a3e67ec3b5d) Importer(815301076,1909f56bfc062723c751e8b465ee728b)  -> (artifact id: '1e40f5835ab7a34bf400d4c83193ba5a') in 0.007586 seconds 
  Import took 0.011634 seconds .

========================================================================
Received Import Request.
  Time since last request: 0.000224 seconds.
  path: Assets/PNG/element_grey_rectangle.png
  artifactKey: Guid(56afb4dd9e3114e4881202a8c0782655) Importer(815301076,1909f56bfc062723c751e8b465ee728b)
Start importing Assets/PNG/element_grey_rectangle.png using Guid(56afb4dd9e3114e4881202a8c0782655) Importer(815301076,1909f56bfc062723c751e8b465ee728b)  -> (artifact id: '43ef74de57fd930f2eb609d71b794706') in 0.007565 seconds 
  Import took 0.011386 seconds .

========================================================================
Received Import Request.
  Time since last request: 0.000130 seconds.
  path: Assets/PNG/element_yellow_rectangle.png
  artifactKey: Guid(add0944b781c1cc41a96b9cd0c7f96b3) Importer(815301076,1909f56bfc062723c751e8b465ee728b)
Start importing Assets/PNG/element_yellow_rectangle.png using Guid(add0944b781c1cc41a96b9cd0c7f96b3) Importer(815301076,1909f56bfc062723c751e8b465ee728b)  -> (artifact id: '28b606ae125e6607be214928a52515af') in 0.008406 seconds 
  Import took 0.012161 seconds .

========================================================================
Received Import Request.
  Time since last request: 0.000128 seconds.
  path: Assets/PNG/element_grey_diamond_glossy.png
  artifactKey: Guid(330f41100267f5844b507329358827fa) Importer(815301076,1909f56bfc062723c751e8b465ee728b)
Start importing Assets/PNG/element_grey_diamond_glossy.png using Guid(330f41100267f5844b507329358827fa) Importer(815301076,1909f56bfc062723c751e8b465ee728b)  -> (artifact id: '671219032af62836d33872037ecbc7ba') in 0.010424 seconds 
  Import took 0.013983 seconds .

========================================================================
Received Import Request.
  Time since last request: 0.000129 seconds.
  path: Assets/PNG/element_grey_polygon.png
  artifactKey: Guid(e50248720a5b7dd4fa334942e3f5c24c) Importer(815301076,1909f56bfc062723c751e8b465ee728b)
Start importing Assets/PNG/element_grey_polygon.png using Guid(e50248720a5b7dd4fa334942e3f5c24c) Importer(815301076,1909f56bfc062723c751e8b465ee728b)  -> (artifact id: '451424562b13eec6e99f89608e83bd95') in 0.008144 seconds 
  Import took 0.011867 seconds .

========================================================================
Received Import Request.
  Time since last request: 0.000195 seconds.
  path: Assets/PNG/element_yellow_square_glossy.png
  artifactKey: Guid(54e714de873838a4e98a7bccdad9bf55) Importer(815301076,1909f56bfc062723c751e8b465ee728b)
Start importing Assets/PNG/element_yellow_square_glossy.png using Guid(54e714de873838a4e98a7bccdad9bf55) Importer(815301076,1909f56bfc062723c751e8b465ee728b)  -> (artifact id: '81ddb0e04d0d01678f7dc68b2bb7aace') in 0.007832 seconds 
  Import took 0.011719 seconds .

========================================================================
Received Import Request.
  Time since last request: 0.000154 seconds.
  path: Assets/PNG/element_purple_rectangle.png
  artifactKey: Guid(59b9a9d1ba7e1a640acfa70564d25488) Importer(815301076,1909f56bfc062723c751e8b465ee728b)
Start importing Assets/PNG/element_purple_rectangle.png using Guid(59b9a9d1ba7e1a640acfa70564d25488) Importer(815301076,1909f56bfc062723c751e8b465ee728b)  -> (artifact id: 'c00a4cfe5b8db68f00e6383ac126db7d') in 0.008388 seconds 
  Import took 0.012512 seconds .

========================================================================
Received Import Request.
  Time since last request: 0.000151 seconds.
  path: Assets/PNG/element_green_diamond_glossy.png
  artifactKey: Guid(07ca21b5eb7aa764290d5420779e8a07) Importer(815301076,1909f56bfc062723c751e8b465ee728b)
Start importing Assets/PNG/element_green_diamond_glossy.png using Guid(07ca21b5eb7aa764290d5420779e8a07) Importer(815301076,1909f56bfc062723c751e8b465ee728b)  -> (artifact id: 'd1580b28a3a70728cf234f68a6638714') in 0.008872 seconds 
  Import took 0.012718 seconds .

========================================================================
Received Import Request.
  Time since last request: 0.000147 seconds.
  path: Assets/PNG/element_green_rectangle.png
  artifactKey: Guid(3c2398d23b22a3f41ab485786732a917) Importer(815301076,1909f56bfc062723c751e8b465ee728b)
Start importing Assets/PNG/element_green_rectangle.png using Guid(3c2398d23b22a3f41ab485786732a917) Importer(815301076,1909f56bfc062723c751e8b465ee728b)  -> (artifact id: '205fca2f6402ae9ff6717c773011f4d0') in 0.006961 seconds 
  Import took 0.011008 seconds .

========================================================================
Received Import Request.
  Time since last request: 0.000140 seconds.
  path: Assets/PNG/buttonDefault_left.png
  artifactKey: Guid(fcb12165fd4324c458c83c9537eea8e5) Importer(815301076,1909f56bfc062723c751e8b465ee728b)
Start importing Assets/PNG/buttonDefault_left.png using Guid(fcb12165fd4324c458c83c9537eea8e5) Importer(815301076,1909f56bfc062723c751e8b465ee728b)  -> (artifact id: 'eea74302dc4f68f81090b5b1e57e8888') in 0.006611 seconds 
  Import took 0.010285 seconds .

========================================================================
Received Import Request.
  Time since last request: 0.000131 seconds.
  path: Assets/PNG/selectorB.png
  artifactKey: Guid(22122cede43edfa44bf8c601915761b0) Importer(815301076,1909f56bfc062723c751e8b465ee728b)
Start importing Assets/PNG/selectorB.png using Guid(22122cede43edfa44bf8c601915761b0) Importer(815301076,1909f56bfc062723c751e8b465ee728b)  -> (artifact id: '5455711ce53cda773383d898dd9b5176') in 0.007443 seconds 
  Import took 0.011332 seconds .

========================================================================
Received Import Request.
  Time since last request: 0.000146 seconds.
  path: Assets/PNG/element_yellow_diamond.png
  artifactKey: Guid(f11e2602a6025a747b2c6b52e8ec43f3) Importer(815301076,1909f56bfc062723c751e8b465ee728b)
Start importing Assets/PNG/element_yellow_diamond.png using Guid(f11e2602a6025a747b2c6b52e8ec43f3) Importer(815301076,1909f56bfc062723c751e8b465ee728b)  -> (artifact id: 'cc6b53f2de99210457e46cad8d98ada8') in 0.007039 seconds 
  Import took 0.010837 seconds .

========================================================================
Received Import Request.
  Time since last request: 0.000164 seconds.
  path: Assets/PNG/element_grey_square.png
  artifactKey: Guid(7cb62f78f20c25e4991c3e8e8a9008d7) Importer(815301076,1909f56bfc062723c751e8b465ee728b)
Start importing Assets/PNG/element_grey_square.png using Guid(7cb62f78f20c25e4991c3e8e8a9008d7) Importer(815301076,1909f56bfc062723c751e8b465ee728b)  -> (artifact id: 'b5c4cbcc3f359e0dc0af47fc2f745a29') in 0.007522 seconds 
  Import took 0.011515 seconds .

========================================================================
Received Import Request.
  Time since last request: 0.000151 seconds.
  path: Assets/PNG/element_green_square.png
  artifactKey: Guid(4b8f2c4ecf55a3749a869c7547422171) Importer(815301076,1909f56bfc062723c751e8b465ee728b)
Start importing Assets/PNG/element_green_square.png using Guid(4b8f2c4ecf55a3749a869c7547422171) Importer(815301076,1909f56bfc062723c751e8b465ee728b)  -> (artifact id: '30c8919711cf03d008c797560dc7c6a5') in 0.010792 seconds 
  Import took 0.014438 seconds .

========================================================================
Received Import Request.
  Time since last request: 0.000135 seconds.
  path: Assets/PNG/element_red_rectangle_glossy.png
  artifactKey: Guid(49e0193964d97034c92bb04d27204e3b) Importer(815301076,1909f56bfc062723c751e8b465ee728b)
Start importing Assets/PNG/element_red_rectangle_glossy.png using Guid(49e0193964d97034c92bb04d27204e3b) Importer(815301076,1909f56bfc062723c751e8b465ee728b)  -> (artifact id: '450ba2aec68716fa2f2480d72cb8fb3c') in 0.007974 seconds 
  Import took 0.011489 seconds .

========================================================================
Received Import Request.
  Time since last request: 0.000138 seconds.
  path: Assets/PNG/element_yellow_square.png
  artifactKey: Guid(b16af9a7596facc41ac82ce5a8c883f5) Importer(815301076,1909f56bfc062723c751e8b465ee728b)
Start importing Assets/PNG/element_yellow_square.png using Guid(b16af9a7596facc41ac82ce5a8c883f5) Importer(815301076,1909f56bfc062723c751e8b465ee728b)  -> (artifact id: '8e9297fa6a2b53a3298498e87faf8671') in 0.007167 seconds 
  Import took 0.010723 seconds .

========================================================================
Received Import Request.
  Time since last request: 0.000150 seconds.
  path: Assets/PNG/buttonSelected_bottomright.png
  artifactKey: Guid(9b1847dc8c5fb43489c3965261652109) Importer(815301076,1909f56bfc062723c751e8b465ee728b)
Start importing Assets/PNG/buttonSelected_bottomright.png using Guid(9b1847dc8c5fb43489c3965261652109) Importer(815301076,1909f56bfc062723c751e8b465ee728b)  -> (artifact id: '8d1ff579153096e545c7104ec8975ea0') in 0.007250 seconds 
  Import took 0.011158 seconds .

========================================================================
Received Import Request.
  Time since last request: 0.000151 seconds.
  path: Assets/PNG/element_green_diamond.png
  artifactKey: Guid(5100c192f0f550640af8ec1811f1bc28) Importer(815301076,1909f56bfc062723c751e8b465ee728b)
Start importing Assets/PNG/element_green_diamond.png using Guid(5100c192f0f550640af8ec1811f1bc28) Importer(815301076,1909f56bfc062723c751e8b465ee728b)  -> (artifact id: 'bed02064ea2e3bdf46c1dde9a7032272') in 0.008437 seconds 
  Import took 0.012186 seconds .

========================================================================
Received Import Request.
  Time since last request: 0.000136 seconds.
  path: Assets/PNG/buttonDefault_top.png
  artifactKey: Guid(0cd981a1f6971a1418ec853a172f6a9c) Importer(815301076,1909f56bfc062723c751e8b465ee728b)
Start importing Assets/PNG/buttonDefault_top.png using Guid(0cd981a1f6971a1418ec853a172f6a9c) Importer(815301076,1909f56bfc062723c751e8b465ee728b)  -> (artifact id: '1da3f2af6891efced66e7aa6febc74d7') in 0.007152 seconds 
  Import took 0.010763 seconds .

========================================================================
Received Import Request.
  Time since last request: 0.000196 seconds.
  path: Assets/PNG/buttonDefault_right.png
  artifactKey: Guid(4450272806ad19548b6c9d9c9f852c3b) Importer(815301076,1909f56bfc062723c751e8b465ee728b)
Start importing Assets/PNG/buttonDefault_right.png using Guid(4450272806ad19548b6c9d9c9f852c3b) Importer(815301076,1909f56bfc062723c751e8b465ee728b)  -> (artifact id: 'ce424b922daef7f0edefd7f943316b45') in 0.006589 seconds 
  Import took 0.010453 seconds .

========================================================================
Received Import Request.
  Time since last request: 0.000140 seconds.
  path: Assets/PNG/element_blue_rectangle_glossy.png
  artifactKey: Guid(465e7da2fc9fb1f4ba361ce38b5c8bd2) Importer(815301076,1909f56bfc062723c751e8b465ee728b)
Start importing Assets/PNG/element_blue_rectangle_glossy.png using Guid(465e7da2fc9fb1f4ba361ce38b5c8bd2) Importer(815301076,1909f56bfc062723c751e8b465ee728b)  -> (artifact id: '44b6296c9f3654ffdd7111f0d0aa6b16') in 0.007999 seconds 
  Import took 0.011875 seconds .

========================================================================
Received Import Request.
  Time since last request: 0.000159 seconds.
  path: Assets/PNG/element_green_square_glossy.png
  artifactKey: Guid(e5ab0e2bb0b81714b86de57408b8b418) Importer(815301076,1909f56bfc062723c751e8b465ee728b)
Start importing Assets/PNG/element_green_square_glossy.png using Guid(e5ab0e2bb0b81714b86de57408b8b418) Importer(815301076,1909f56bfc062723c751e8b465ee728b)  -> (artifact id: 'ed18d0efab509c72732e6cc9ecd97d74') in 0.008145 seconds 
  Import took 0.011824 seconds .

========================================================================
Received Import Request.
  Time since last request: 0.000138 seconds.
  path: Assets/PNG/element_purple_cube_glossy.png
  artifactKey: Guid(840f2640083aafb49a9e7254755e7699) Importer(815301076,1909f56bfc062723c751e8b465ee728b)
Start importing Assets/PNG/element_purple_cube_glossy.png using Guid(840f2640083aafb49a9e7254755e7699) Importer(815301076,1909f56bfc062723c751e8b465ee728b)  -> (artifact id: '1b2269ec980a331f183f220b7ef01126') in 0.007239 seconds 
  Import took 0.011085 seconds .

========================================================================
Received Import Request.
  Time since last request: 0.000134 seconds.
  path: Assets/PNG/element_blue_rectangle.png
  artifactKey: Guid(fcb4e2125ce8bbe48953b89ea1410b08) Importer(815301076,1909f56bfc062723c751e8b465ee728b)
Start importing Assets/PNG/element_blue_rectangle.png using Guid(fcb4e2125ce8bbe48953b89ea1410b08) Importer(815301076,1909f56bfc062723c751e8b465ee728b)  -> (artifact id: '664d9643ae621631b003aa36b1ba1cdd') in 0.007004 seconds 
  Import took 0.010852 seconds .

========================================================================
Received Import Request.
  Time since last request: 0.000130 seconds.
  path: Assets/PNG/element_purple_square.png
  artifactKey: Guid(b3ab1379d0e01b942922292de8be896b) Importer(815301076,1909f56bfc062723c751e8b465ee728b)
Start importing Assets/PNG/element_purple_square.png using Guid(b3ab1379d0e01b942922292de8be896b) Importer(815301076,1909f56bfc062723c751e8b465ee728b)  -> (artifact id: 'ee0da9a38ed13d2c62417164ad119667') in 0.007489 seconds 
  Import took 0.011337 seconds .

========================================================================
Received Import Request.
  Time since last request: 0.000153 seconds.
  path: Assets/PNG/element_blue_diamond_glossy.png
  artifactKey: Guid(607758019ea9a1547a327732d5bc5f31) Importer(815301076,1909f56bfc062723c751e8b465ee728b)
Start importing Assets/PNG/element_blue_diamond_glossy.png using Guid(607758019ea9a1547a327732d5bc5f31) Importer(815301076,1909f56bfc062723c751e8b465ee728b)  -> (artifact id: 'a850b7ade996f5b9d9314e4e69990ccc') in 0.007477 seconds 
  Import took 0.011285 seconds .

========================================================================
Received Import Request.
  Time since last request: 0.000139 seconds.
  path: Assets/PNG/ballGrey.png
  artifactKey: Guid(c1dea49865e074c469a7b3dad714e9a8) Importer(815301076,1909f56bfc062723c751e8b465ee728b)
Start importing Assets/PNG/ballGrey.png using Guid(c1dea49865e074c469a7b3dad714e9a8) Importer(815301076,1909f56bfc062723c751e8b465ee728b)  -> (artifact id: '9c24a6b22c164ee32d1ef2b4d46ab5d7') in 0.007504 seconds 
  Import took 0.011081 seconds .

========================================================================
Received Import Request.
  Time since last request: 0.000163 seconds.
  path: Assets/PNG/buttonDefault_topleft.png
  artifactKey: Guid(d0553abce16d4fd4b9fa2ef58ecd6dae) Importer(815301076,1909f56bfc062723c751e8b465ee728b)
Start importing Assets/PNG/buttonDefault_topleft.png using Guid(d0553abce16d4fd4b9fa2ef58ecd6dae) Importer(815301076,1909f56bfc062723c751e8b465ee728b)  -> (artifact id: '97ac919cd56691b131c3e75ea8c9a189') in 0.006683 seconds 
  Import took 0.010687 seconds .

========================================================================
Received Import Request.
  Time since last request: 0.000334 seconds.
  path: Assets/PNG/selectorC.png
  artifactKey: Guid(6db1030bf3802ff46b9c055ab1f6fc14) Importer(815301076,1909f56bfc062723c751e8b465ee728b)
Start importing Assets/PNG/selectorC.png using Guid(6db1030bf3802ff46b9c055ab1f6fc14) Importer(815301076,1909f56bfc062723c751e8b465ee728b)  -> (artifact id: '0ea9d7130ed7528bcc1d659f613f3704') in 0.007869 seconds 
  Import took 0.012654 seconds .

========================================================================
Received Import Request.
  Time since last request: 0.000176 seconds.
  path: Assets/PNG/buttonSelected_bottomleft.png
  artifactKey: Guid(c0020dcf5b76d7042b19215cfa2f85f8) Importer(815301076,1909f56bfc062723c751e8b465ee728b)
Start importing Assets/PNG/buttonSelected_bottomleft.png using Guid(c0020dcf5b76d7042b19215cfa2f85f8) Importer(815301076,1909f56bfc062723c751e8b465ee728b)  -> (artifact id: '98ca4aff90308abe4ca63cba259e3beb') in 0.008241 seconds 
  Import took 0.012625 seconds .

========================================================================
Received Import Request.
  Time since last request: 0.000165 seconds.
  path: Assets/PNG/buttonSelected_mid.png
  artifactKey: Guid(ebf9f49358e1503459f3d53afa38feb7) Importer(815301076,1909f56bfc062723c751e8b465ee728b)
Start importing Assets/PNG/buttonSelected_mid.png using Guid(ebf9f49358e1503459f3d53afa38feb7) Importer(815301076,1909f56bfc062723c751e8b465ee728b)  -> (artifact id: '82e719f5465487033d90b4a762398b3d') in 0.007626 seconds 
  Import took 0.011723 seconds .

========================================================================
Received Import Request.
  Time since last request: 95.398755 seconds.
  path: Assets/Sprites
  artifactKey: Guid(04a5d54ff5635794390bcb052abf6ba8) Importer(815301076,1909f56bfc062723c751e8b465ee728b)
Start importing Assets/Sprites using Guid(04a5d54ff5635794390bcb052abf6ba8) Importer(815301076,1909f56bfc062723c751e8b465ee728b)  -> (artifact id: '0b7092b8be805e22eb38024b061f1440') in 0.001538 seconds 
  Import took 0.006185 seconds .

========================================================================
Received Import Request.
  Time since last request: 12.867850 seconds.
  path: Assets/Sprites/Background
  artifactKey: Guid(33ca71cb2c6146449ad178d775280178) Importer(815301076,1909f56bfc062723c751e8b465ee728b)
Start importing Assets/Sprites/Background using Guid(33ca71cb2c6146449ad178d775280178) Importer(815301076,1909f56bfc062723c751e8b465ee728b)  -> (artifact id: '9fe494426176e5aa2cd73c1804eaa405') in 0.001801 seconds 
  Import took 0.006201 seconds .

========================================================================
Received Import Request.
  Time since last request: 34.265837 seconds.
  path: Assets/Sprites/Elements
  artifactKey: Guid(d369c640b7ebd924a9ba5cc590c2d239) Importer(815301076,1909f56bfc062723c751e8b465ee728b)
Start importing Assets/Sprites/Elements using Guid(d369c640b7ebd924a9ba5cc590c2d239) Importer(815301076,1909f56bfc062723c751e8b465ee728b)  -> (artifact id: '3de43fefba690b5fad99413f146e0eb4') in 0.001532 seconds 
  Import took 0.005762 seconds .

========================================================================
Received Import Request.
  Time since last request: 0.226217 seconds.
  path: Assets/Sprites/PNG
  artifactKey: Guid(92f0495c98aacf64d96ad22916e923e2) Importer(815301076,1909f56bfc062723c751e8b465ee728b)
Start importing Assets/Sprites/PNG using Guid(92f0495c98aacf64d96ad22916e923e2) Importer(815301076,1909f56bfc062723c751e8b465ee728b)  -> (artifact id: '15a84423d27e9496eec6ab2ba324ed80') in 0.001290 seconds 
  Import took 0.005523 seconds .

========================================================================
Received Import Request.
  Time since last request: 3.004864 seconds.
  path: Assets/Sprites/Background
  artifactKey: Guid(92f0495c98aacf64d96ad22916e923e2) Importer(815301076,1909f56bfc062723c751e8b465ee728b)
Start importing Assets/Sprites/Background using Guid(92f0495c98aacf64d96ad22916e923e2) Importer(815301076,1909f56bfc062723c751e8b465ee728b)  -> (artifact id: 'b84706c22c0f08f1e42719f9a10f5f64') in 0.001322 seconds 
  Import took 0.005921 seconds .

